[09/10/2017 15:24] Reshiram(219040433861296128) deleted 1 messages in channel main-group-trades-posts
[09/10/2017 15:25] ცlἶནეh & პffპეན(220683416872550400) deleted 5 messages in channel main-group-trades-posts
[09/10/2017 15:55] ცlἶནეh & პffპეན(220683416872550400) deleted 30 messages in channel main-group-trades-posts
[09/10/2017 15:56] ცlἶནეh & პffპეན(220683416872550400) deleted 40 messages in channel main-group-trades-posts
[09/10/2017 15:56] ცlἶནეh & პffპეན(220683416872550400) deleted 50 messages in channel main-group-trades-posts
[09/10/2017 15:56] ცlἶནეh & პffპეན(220683416872550400) deleted 20 messages in channel main-group-trades-posts
[09/10/2017 15:57] ცlἶནეh & პffპეན(220683416872550400) deleted 100 messages in channel main-group-trades-posts
[09/10/2017 15:57] ცlἶནეh & პffპეན(220683416872550400) deleted 10 messages in channel main-group-trades-posts
[09/10/2017 15:59] ცlἶནეh & პffპეན(220683416872550400) deleted 3 messages in channel main-group-trades-posts
[09/10/2017 16:31] Reshiram(219040433861296128) deleted 5 messages in channel welcomes
[09/10/2017 17:21] ცlἶནეh & პffპეན(220683416872550400) deleted 5 messages in channel staff-chat
[09/10/2017 17:21] ცlἶནეh & პffპეན(220683416872550400) deleted 3 messages in channel staff-chat
[09/10/2017 17:42] ცlἶནეh & პffპეན(220683416872550400) deleted 30 messages in channel off-topic
[09/10/2017 17:42] ცlἶནეh & პffპეན(220683416872550400) deleted 100 messages in channel off-topic
[10/10/2017 01:04] ცlἶནეh & პffპეན(220683416872550400) deleted 2 messages in channel pokemon-general
[10/10/2017 01:59] ცlἶནეh & პffპეན(220683416872550400) deleted 5 messages in channel off-topic
[10/10/2017 01:59] ცlἶནეh & პffპეན(220683416872550400) deleted 5 messages in channel off-topic
[10/10/2017 02:31] ცlἶནეh & პffპეན(220683416872550400) deleted 5 messages in channel pokemon-general
[10/10/2017 03:02] ცlἶནეh & პffპეན(220683416872550400) deleted 10 messages in channel staff-chat
[10/10/2017 03:55] ცlἶནეh & პffპეན(220683416872550400) deleted 2 messages in channel off-topic
[10/10/2017 05:23] ცlἶནეh & პffპეན(220683416872550400) deleted 2 messages in channel bot-commands
[10/10/2017 05:52] ცlἶནეh & პffპეན(220683416872550400) deleted 5 messages in channel off-topic
[10/10/2017 08:17] 🎀Totem Sylveon🎀(220683416872550400) deleted 2 messages in channel pokemon-general
[10/10/2017 09:27] 👻Totem Darkrai👻(220683416872550400) deleted 6 messages in channel pokemon-general
[10/10/2017 12:32] Zekrom(367234148433395712) deleted 75 messages in channel off-topic
[10/10/2017 13:58] 👻Totem Darkrai👻(220683416872550400) deleted 2 messages in channel bot-commands
[10/10/2017 14:05] 👻Totem Darkrai👻(220683416872550400) deleted 4 messages in channel staff-chat
[11/10/2017 01:56] 👻Totem Darkrai👻(220683416872550400) deleted 10 messages in channel off-topic
[11/10/2017 02:01] 👻Totem Darkrai👻(220683416872550400) deleted 1 messages in channel off-topic
[11/10/2017 03:35] 👻Totem Darkrai👻(220683416872550400) deleted 4 messages in channel off-topic
[11/10/2017 03:36] 👻Totem Darkrai👻(220683416872550400) deleted 3 messages in channel off-topic
[11/10/2017 03:53] 👻Totem Darkrai👻(220683416872550400) deleted 4 messages in channel off-topic
[11/10/2017 05:28] 👻Totem Darkrai👻(220683416872550400) deleted 5 messages in channel off-topic
[11/10/2017 05:44] 👻Totem Darkrai👻(220683416872550400) deleted 8 messages in channel log
[11/10/2017 07:12] 👻Totem Darkrai👻(220683416872550400) deleted 2 messages in channel log
[11/10/2017 07:13] 👻Totem Darkrai👻(220683416872550400) deleted 8 messages in channel off-topic
[11/10/2017 07:54] 👻Totem Darkrai👻(220683416872550400) deleted 3 messages in channel off-topic
[11/10/2017 08:50] 👻Totem Darkrai👻(220683416872550400) deleted 2 messages in channel off-topic
[11/10/2017 09:17] 👻Totem Darkrai👻(220683416872550400) deleted 4 messages in channel bot-commands
[11/10/2017 09:21] 👻Totem Darkrai👻(220683416872550400) deleted 1000 messages in channel staff-chat
[11/10/2017 09:24] 👻Totem Darkrai👻(220683416872550400) deleted 6 messages in channel off-topic
[11/10/2017 09:49] 👻Totem Darkrai👻(220683416872550400) deleted 100 messages in channel off-topic
[11/10/2017 09:49] 👻Totem Darkrai👻(220683416872550400) deleted 60 messages in channel off-topic
[11/10/2017 09:50] 👻Totem Darkrai👻(220683416872550400) deleted 75 messages in channel off-topic
[11/10/2017 09:50] 👻Totem Darkrai👻(220683416872550400) deleted 60 messages in channel off-topic
[11/10/2017 09:56] 👻Totem Darkrai👻(220683416872550400) deleted 2 messages in channel bot-commands
[11/10/2017 10:09] 👻Totem Darkrai👻(220683416872550400) deleted 14 messages in channel muted
[11/10/2017 10:18] Zekrom(367234148433395712) deleted 7 messages in channel bot-commands
[11/10/2017 10:30] 👻Totem Darkrai👻(220683416872550400) deleted 9 messages in channel bot-commands
[11/10/2017 05:30] ⚜UB-Sticky Mew⚜(220683416872550400) deleted 2 messages in channel bot-commands
[30/10/2017 05:52] ⚜UB-Sticky Mew⚜(220683416872550400) deleted 15 messages in channel bot-commands
[30/10/2017 05:53] ⚜UB-Sticky Mew⚜(220683416872550400) deleted 15 messages in channel bot-commands
